<?xml version="1.0" encoding="UTF-8"?>
<!-- Generated by org.testng.reporters.JUnitXMLReporter -->
<testsuite ignored="0" hostname="DESKTOP-C4RIFI2" failures="0" tests="3" name="Default test" time="19.182" errors="0" timestamp="2025-02-02T16:41:36 IST">
  <testcase classname="mylistener.orangehrm" name="opensite" time="15.37"/>
  <testcase classname="mylistener.orangehrm" name="validation" time="0.092"/>
  <testcase classname="mylistener.orangehrm" name="titlevalidation" time="0.02"/>
</testsuite> <!-- Default test -->
