<?xml version="1.0" encoding="UTF-8"?>
<!-- Generated by org.testng.reporters.JUnitXMLReporter -->
<testsuite ignored="6" hostname="DESKTOP-C4RIFI2" failures="0" tests="3" name="groupingtest" time="0.096" errors="0" timestamp="2025-01-30T23:09:31 IST">
  <testcase classname="testngdemo2.logintests" name="loginbyTwitter" time="0.017"/>
  <testcase classname="testngdemo2.Payementtests" name="paymentinPounds" time="0.003"/>
  <testcase classname="testngdemo2.signupTests" name="signupbyTwitter" time="0.002"/>
  <testcase classname="testngdemo2.logintests" name="loginbyEmail" time="0.0">
    <ignored/>
  </testcase> <!-- loginbyEmail -->
  <testcase classname="testngdemo2.Payementtests" name="paymentinRupees" time="0.0">
    <ignored/>
  </testcase> <!-- paymentinRupees -->
  <testcase classname="testngdemo2.Payementtests" name="paymentinDollars" time="0.0">
    <ignored/>
  </testcase> <!-- paymentinDollars -->
  <testcase classname="testngdemo2.signupTests" name="signupbyFacebook" time="0.0">
    <ignored/>
  </testcase> <!-- signupbyFacebook -->
  <testcase classname="testngdemo2.logintests" name="loginbyFacebook" time="0.0">
    <ignored/>
  </testcase> <!-- loginbyFacebook -->
  <testcase classname="testngdemo2.signupTests" name="signupbyEmail" time="0.0">
    <ignored/>
  </testcase> <!-- signupbyEmail -->
</testsuite> <!-- groupingtest -->
